[2021-04-17 01:43:35,203] multiqc                                            [DEBUG  ]  No MultiQC config found: /pbtech_mounts/softlib001/apps/EL7/spack/opt/spack/linux-centos7-x86_64/gcc-6.3.0/py-multiqc-1.7-7wstaml7opzvdb5liiuxniifwufxfmzv/lib/python3.5/site-packages/multiqc_config.yaml
[2021-04-17 01:43:35,204] multiqc                                            [DEBUG  ]  No MultiQC config found: /home/ilb4001/.multiqc_config.yaml
[2021-04-17 01:43:35,204] multiqc                                            [DEBUG  ]  No MultiQC config found: multiqc_config.yaml
[2021-04-17 01:43:35,204] multiqc                                            [DEBUG  ]  Command used: /pbtech_mounts/softlib001/apps/EL7/spack/opt/spack/linux-centos7-x86_64/gcc-6.3.0/py-multiqc-1.7-7wstaml7opzvdb5liiuxniifwufxfmzv/bin/multiqc -d -v -o fastqc_multiqc_frozen/ SRR6703982_frozen_501_1_fastqc SRR6703982_frozen_501_1_fastqc.html SRR6703982_frozen_501_1_fastqc.zip SRR6703982_frozen_501_1_val_1_fastqc.html SRR6703982_frozen_501_1_val_1_fastqc.zip SRR6703982_frozen_501_2_fastqc SRR6703982_frozen_501_2_fastqc.html SRR6703982_frozen_501_2_fastqc.zip SRR6703982_frozen_501_2_val_2_fastqc.html SRR6703982_frozen_501_2_val_2_fastqc.zip SRR6703983_frozen_501f_1_fastqc SRR6703983_frozen_501f_1_fastqc.html SRR6703983_frozen_501f_1_fastqc.zip SRR6703983_frozen_501f_1_val_1_fastqc.html SRR6703983_frozen_501f_1_val_1_fastqc.zip SRR6703983_frozen_501f_2_fastqc SRR6703983_frozen_501f_2_fastqc.html SRR6703983_frozen_501f_2_fastqc.zip SRR6703983_frozen_501f_2_val_2_fastqc.html SRR6703983_frozen_501f_2_val_2_fastqc.zip SRR6703984_frozen_506_1_fastqc SRR6703984_frozen_506_1_fastqc.html SRR6703984_frozen_506_1_fastqc.zip SRR6703984_frozen_506_1_val_1_fastqc.html SRR6703984_frozen_506_1_val_1_fastqc.zip SRR6703984_frozen_506_2_fastqc SRR6703984_frozen_506_2_fastqc.html SRR6703984_frozen_506_2_fastqc.zip SRR6703984_frozen_506_2_val_2_fastqc.html SRR6703984_frozen_506_2_val_2_fastqc.zip SRR6703985_frozen_506f_1_fastqc SRR6703985_frozen_506f_1_fastqc.html SRR6703985_frozen_506f_1_fastqc.zip SRR6703985_frozen_506f_1_val_1_fastqc.html SRR6703985_frozen_506f_1_val_1_fastqc.zip SRR6703985_frozen_506f_2_fastqc SRR6703985_frozen_506f_2_fastqc.html SRR6703985_frozen_506f_2_fastqc.zip SRR6703985_frozen_506f_2_val_2_fastqc.html SRR6703985_frozen_506f_2_val_2_fastqc.zip SRR6703986_frozen_507_1_fastqc SRR6703986_frozen_507_1_fastqc.html SRR6703986_frozen_507_1_fastqc.zip SRR6703986_frozen_507_1_val_1_fastqc.html SRR6703986_frozen_507_1_val_1_fastqc.zip SRR6703986_frozen_507_2_fastqc SRR6703986_frozen_507_2_fastqc.html SRR6703986_frozen_507_2_fastqc.zip SRR6703986_frozen_507_2_val_2_fastqc.html SRR6703986_frozen_507_2_val_2_fastqc.zip SRR6703987_frozen_507f_1_fastqc SRR6703987_frozen_507f_1_fastqc.html SRR6703987_frozen_507f_1_fastqc.zip SRR6703987_frozen_507f_1_val_1_fastqc.html SRR6703987_frozen_507f_1_val_1_fastqc.zip SRR6703987_frozen_507f_2_fastqc SRR6703987_frozen_507f_2_fastqc.html SRR6703987_frozen_507f_2_fastqc.zip SRR6703987_frozen_507f_2_val_2_fastqc.html SRR6703987_frozen_507f_2_val_2_fastqc.zip SRR6703988_frozen_510_1_fastqc SRR6703988_frozen_510_1_fastqc.html SRR6703988_frozen_510_1_fastqc.zip SRR6703988_frozen_510_1_val_1_fastqc.html SRR6703988_frozen_510_1_val_1_fastqc.zip SRR6703988_frozen_510_2_fastqc SRR6703988_frozen_510_2_fastqc.html SRR6703988_frozen_510_2_fastqc.zip SRR6703988_frozen_510_2_val_2_fastqc.html SRR6703988_frozen_510_2_val_2_fastqc.zip SRR6703989_frozen_510f_1_fastqc SRR6703989_frozen_510f_1_fastqc.html SRR6703989_frozen_510f_1_fastqc.zip SRR6703989_frozen_510f_1_val_1_fastqc.html SRR6703989_frozen_510f_1_val_1_fastqc.zip SRR6703989_frozen_510f_2_fastqc SRR6703989_frozen_510f_2_fastqc.html SRR6703989_frozen_510f_2_fastqc.zip SRR6703989_frozen_510f_2_val_2_fastqc.html SRR6703989_frozen_510f_2_val_2_fastqc.zip
[2021-04-17 01:43:35,686] multiqc                                            [WARNING]  MultiQC Version v1.10.1 now available!
[2021-04-17 01:43:35,687] multiqc                                            [INFO   ]  This is MultiQC v1.7 (7d61ef5)
[2021-04-17 01:43:35,687] multiqc                                            [DEBUG  ]  Command     : /pbtech_mounts/softlib001/apps/EL7/spack/opt/spack/linux-centos7-x86_64/gcc-6.3.0/py-multiqc-1.7-7wstaml7opzvdb5liiuxniifwufxfmzv/bin/multiqc -d -v -o fastqc_multiqc_frozen/ SRR6703982_frozen_501_1_fastqc SRR6703982_frozen_501_1_fastqc.html SRR6703982_frozen_501_1_fastqc.zip SRR6703982_frozen_501_1_val_1_fastqc.html SRR6703982_frozen_501_1_val_1_fastqc.zip SRR6703982_frozen_501_2_fastqc SRR6703982_frozen_501_2_fastqc.html SRR6703982_frozen_501_2_fastqc.zip SRR6703982_frozen_501_2_val_2_fastqc.html SRR6703982_frozen_501_2_val_2_fastqc.zip SRR6703983_frozen_501f_1_fastqc SRR6703983_frozen_501f_1_fastqc.html SRR6703983_frozen_501f_1_fastqc.zip SRR6703983_frozen_501f_1_val_1_fastqc.html SRR6703983_frozen_501f_1_val_1_fastqc.zip SRR6703983_frozen_501f_2_fastqc SRR6703983_frozen_501f_2_fastqc.html SRR6703983_frozen_501f_2_fastqc.zip SRR6703983_frozen_501f_2_val_2_fastqc.html SRR6703983_frozen_501f_2_val_2_fastqc.zip SRR6703984_frozen_506_1_fastqc SRR6703984_frozen_506_1_fastqc.html SRR6703984_frozen_506_1_fastqc.zip SRR6703984_frozen_506_1_val_1_fastqc.html SRR6703984_frozen_506_1_val_1_fastqc.zip SRR6703984_frozen_506_2_fastqc SRR6703984_frozen_506_2_fastqc.html SRR6703984_frozen_506_2_fastqc.zip SRR6703984_frozen_506_2_val_2_fastqc.html SRR6703984_frozen_506_2_val_2_fastqc.zip SRR6703985_frozen_506f_1_fastqc SRR6703985_frozen_506f_1_fastqc.html SRR6703985_frozen_506f_1_fastqc.zip SRR6703985_frozen_506f_1_val_1_fastqc.html SRR6703985_frozen_506f_1_val_1_fastqc.zip SRR6703985_frozen_506f_2_fastqc SRR6703985_frozen_506f_2_fastqc.html SRR6703985_frozen_506f_2_fastqc.zip SRR6703985_frozen_506f_2_val_2_fastqc.html SRR6703985_frozen_506f_2_val_2_fastqc.zip SRR6703986_frozen_507_1_fastqc SRR6703986_frozen_507_1_fastqc.html SRR6703986_frozen_507_1_fastqc.zip SRR6703986_frozen_507_1_val_1_fastqc.html SRR6703986_frozen_507_1_val_1_fastqc.zip SRR6703986_frozen_507_2_fastqc SRR6703986_frozen_507_2_fastqc.html SRR6703986_frozen_507_2_fastqc.zip SRR6703986_frozen_507_2_val_2_fastqc.html SRR6703986_frozen_507_2_val_2_fastqc.zip SRR6703987_frozen_507f_1_fastqc SRR6703987_frozen_507f_1_fastqc.html SRR6703987_frozen_507f_1_fastqc.zip SRR6703987_frozen_507f_1_val_1_fastqc.html SRR6703987_frozen_507f_1_val_1_fastqc.zip SRR6703987_frozen_507f_2_fastqc SRR6703987_frozen_507f_2_fastqc.html SRR6703987_frozen_507f_2_fastqc.zip SRR6703987_frozen_507f_2_val_2_fastqc.html SRR6703987_frozen_507f_2_val_2_fastqc.zip SRR6703988_frozen_510_1_fastqc SRR6703988_frozen_510_1_fastqc.html SRR6703988_frozen_510_1_fastqc.zip SRR6703988_frozen_510_1_val_1_fastqc.html SRR6703988_frozen_510_1_val_1_fastqc.zip SRR6703988_frozen_510_2_fastqc SRR6703988_frozen_510_2_fastqc.html SRR6703988_frozen_510_2_fastqc.zip SRR6703988_frozen_510_2_val_2_fastqc.html SRR6703988_frozen_510_2_val_2_fastqc.zip SRR6703989_frozen_510f_1_fastqc SRR6703989_frozen_510f_1_fastqc.html SRR6703989_frozen_510f_1_fastqc.zip SRR6703989_frozen_510f_1_val_1_fastqc.html SRR6703989_frozen_510f_1_val_1_fastqc.zip SRR6703989_frozen_510f_2_fastqc SRR6703989_frozen_510f_2_fastqc.html SRR6703989_frozen_510f_2_fastqc.zip SRR6703989_frozen_510f_2_val_2_fastqc.html SRR6703989_frozen_510f_2_val_2_fastqc.zip
[2021-04-17 01:43:35,687] multiqc                                            [DEBUG  ]  Working dir : /athena/angsd/scratch/ilb4001/project/qc
[2021-04-17 01:43:35,688] multiqc                                            [INFO   ]  Template    : default
[2021-04-17 01:43:35,688] multiqc                                            [INFO   ]  Prepending directory to sample names
[2021-04-17 01:43:35,688] multiqc                                            [INFO   ]  Searching 'SRR6703982_frozen_501_1_fastqc'
[2021-04-17 01:43:35,689] multiqc                                            [INFO   ]  Searching 'SRR6703982_frozen_501_1_fastqc.html'
[2021-04-17 01:43:35,689] multiqc                                            [INFO   ]  Searching 'SRR6703982_frozen_501_1_fastqc.zip'
[2021-04-17 01:43:35,689] multiqc                                            [INFO   ]  Searching 'SRR6703982_frozen_501_1_val_1_fastqc.html'
[2021-04-17 01:43:35,689] multiqc                                            [INFO   ]  Searching 'SRR6703982_frozen_501_1_val_1_fastqc.zip'
[2021-04-17 01:43:35,690] multiqc                                            [INFO   ]  Searching 'SRR6703982_frozen_501_2_fastqc'
[2021-04-17 01:43:35,690] multiqc                                            [INFO   ]  Searching 'SRR6703982_frozen_501_2_fastqc.html'
[2021-04-17 01:43:35,690] multiqc                                            [INFO   ]  Searching 'SRR6703982_frozen_501_2_fastqc.zip'
[2021-04-17 01:43:35,691] multiqc                                            [INFO   ]  Searching 'SRR6703982_frozen_501_2_val_2_fastqc.html'
[2021-04-17 01:43:35,691] multiqc                                            [INFO   ]  Searching 'SRR6703982_frozen_501_2_val_2_fastqc.zip'
[2021-04-17 01:43:35,691] multiqc                                            [INFO   ]  Searching 'SRR6703983_frozen_501f_1_fastqc'
[2021-04-17 01:43:35,691] multiqc                                            [INFO   ]  Searching 'SRR6703983_frozen_501f_1_fastqc.html'
[2021-04-17 01:43:35,692] multiqc                                            [INFO   ]  Searching 'SRR6703983_frozen_501f_1_fastqc.zip'
[2021-04-17 01:43:35,692] multiqc                                            [INFO   ]  Searching 'SRR6703983_frozen_501f_1_val_1_fastqc.html'
[2021-04-17 01:43:35,692] multiqc                                            [INFO   ]  Searching 'SRR6703983_frozen_501f_1_val_1_fastqc.zip'
[2021-04-17 01:43:35,692] multiqc                                            [INFO   ]  Searching 'SRR6703983_frozen_501f_2_fastqc'
[2021-04-17 01:43:35,693] multiqc                                            [INFO   ]  Searching 'SRR6703983_frozen_501f_2_fastqc.html'
[2021-04-17 01:43:35,693] multiqc                                            [INFO   ]  Searching 'SRR6703983_frozen_501f_2_fastqc.zip'
[2021-04-17 01:43:35,693] multiqc                                            [INFO   ]  Searching 'SRR6703983_frozen_501f_2_val_2_fastqc.html'
[2021-04-17 01:43:35,694] multiqc                                            [INFO   ]  Searching 'SRR6703983_frozen_501f_2_val_2_fastqc.zip'
[2021-04-17 01:43:35,694] multiqc                                            [INFO   ]  Searching 'SRR6703984_frozen_506_1_fastqc'
[2021-04-17 01:43:35,694] multiqc                                            [INFO   ]  Searching 'SRR6703984_frozen_506_1_fastqc.html'
[2021-04-17 01:43:35,694] multiqc                                            [INFO   ]  Searching 'SRR6703984_frozen_506_1_fastqc.zip'
[2021-04-17 01:43:35,695] multiqc                                            [INFO   ]  Searching 'SRR6703984_frozen_506_1_val_1_fastqc.html'
[2021-04-17 01:43:35,695] multiqc                                            [INFO   ]  Searching 'SRR6703984_frozen_506_1_val_1_fastqc.zip'
[2021-04-17 01:43:35,695] multiqc                                            [INFO   ]  Searching 'SRR6703984_frozen_506_2_fastqc'
[2021-04-17 01:43:35,695] multiqc                                            [INFO   ]  Searching 'SRR6703984_frozen_506_2_fastqc.html'
[2021-04-17 01:43:35,696] multiqc                                            [INFO   ]  Searching 'SRR6703984_frozen_506_2_fastqc.zip'
[2021-04-17 01:43:35,696] multiqc                                            [INFO   ]  Searching 'SRR6703984_frozen_506_2_val_2_fastqc.html'
[2021-04-17 01:43:35,696] multiqc                                            [INFO   ]  Searching 'SRR6703984_frozen_506_2_val_2_fastqc.zip'
[2021-04-17 01:43:35,696] multiqc                                            [INFO   ]  Searching 'SRR6703985_frozen_506f_1_fastqc'
[2021-04-17 01:43:35,697] multiqc                                            [INFO   ]  Searching 'SRR6703985_frozen_506f_1_fastqc.html'
[2021-04-17 01:43:35,697] multiqc                                            [INFO   ]  Searching 'SRR6703985_frozen_506f_1_fastqc.zip'
[2021-04-17 01:43:35,697] multiqc                                            [INFO   ]  Searching 'SRR6703985_frozen_506f_1_val_1_fastqc.html'
[2021-04-17 01:43:35,698] multiqc                                            [INFO   ]  Searching 'SRR6703985_frozen_506f_1_val_1_fastqc.zip'
[2021-04-17 01:43:35,698] multiqc                                            [INFO   ]  Searching 'SRR6703985_frozen_506f_2_fastqc'
[2021-04-17 01:43:35,698] multiqc                                            [INFO   ]  Searching 'SRR6703985_frozen_506f_2_fastqc.html'
[2021-04-17 01:43:35,699] multiqc                                            [INFO   ]  Searching 'SRR6703985_frozen_506f_2_fastqc.zip'
[2021-04-17 01:43:35,699] multiqc                                            [INFO   ]  Searching 'SRR6703985_frozen_506f_2_val_2_fastqc.html'
[2021-04-17 01:43:35,699] multiqc                                            [INFO   ]  Searching 'SRR6703985_frozen_506f_2_val_2_fastqc.zip'
[2021-04-17 01:43:35,700] multiqc                                            [INFO   ]  Searching 'SRR6703986_frozen_507_1_fastqc'
[2021-04-17 01:43:35,700] multiqc                                            [INFO   ]  Searching 'SRR6703986_frozen_507_1_fastqc.html'
[2021-04-17 01:43:35,700] multiqc                                            [INFO   ]  Searching 'SRR6703986_frozen_507_1_fastqc.zip'
[2021-04-17 01:43:35,700] multiqc                                            [INFO   ]  Searching 'SRR6703986_frozen_507_1_val_1_fastqc.html'
[2021-04-17 01:43:35,701] multiqc                                            [INFO   ]  Searching 'SRR6703986_frozen_507_1_val_1_fastqc.zip'
[2021-04-17 01:43:35,701] multiqc                                            [INFO   ]  Searching 'SRR6703986_frozen_507_2_fastqc'
[2021-04-17 01:43:35,701] multiqc                                            [INFO   ]  Searching 'SRR6703986_frozen_507_2_fastqc.html'
[2021-04-17 01:43:35,702] multiqc                                            [INFO   ]  Searching 'SRR6703986_frozen_507_2_fastqc.zip'
[2021-04-17 01:43:35,702] multiqc                                            [INFO   ]  Searching 'SRR6703986_frozen_507_2_val_2_fastqc.html'
[2021-04-17 01:43:35,702] multiqc                                            [INFO   ]  Searching 'SRR6703986_frozen_507_2_val_2_fastqc.zip'
[2021-04-17 01:43:35,703] multiqc                                            [INFO   ]  Searching 'SRR6703987_frozen_507f_1_fastqc'
[2021-04-17 01:43:35,703] multiqc                                            [INFO   ]  Searching 'SRR6703987_frozen_507f_1_fastqc.html'
[2021-04-17 01:43:35,703] multiqc                                            [INFO   ]  Searching 'SRR6703987_frozen_507f_1_fastqc.zip'
[2021-04-17 01:43:35,703] multiqc                                            [INFO   ]  Searching 'SRR6703987_frozen_507f_1_val_1_fastqc.html'
[2021-04-17 01:43:35,704] multiqc                                            [INFO   ]  Searching 'SRR6703987_frozen_507f_1_val_1_fastqc.zip'
[2021-04-17 01:43:35,704] multiqc                                            [INFO   ]  Searching 'SRR6703987_frozen_507f_2_fastqc'
[2021-04-17 01:43:35,704] multiqc                                            [INFO   ]  Searching 'SRR6703987_frozen_507f_2_fastqc.html'
[2021-04-17 01:43:35,704] multiqc                                            [INFO   ]  Searching 'SRR6703987_frozen_507f_2_fastqc.zip'
[2021-04-17 01:43:35,705] multiqc                                            [INFO   ]  Searching 'SRR6703987_frozen_507f_2_val_2_fastqc.html'
[2021-04-17 01:43:35,705] multiqc                                            [INFO   ]  Searching 'SRR6703987_frozen_507f_2_val_2_fastqc.zip'
[2021-04-17 01:43:35,705] multiqc                                            [INFO   ]  Searching 'SRR6703988_frozen_510_1_fastqc'
[2021-04-17 01:43:35,705] multiqc                                            [INFO   ]  Searching 'SRR6703988_frozen_510_1_fastqc.html'
[2021-04-17 01:43:35,706] multiqc                                            [INFO   ]  Searching 'SRR6703988_frozen_510_1_fastqc.zip'
[2021-04-17 01:43:35,706] multiqc                                            [INFO   ]  Searching 'SRR6703988_frozen_510_1_val_1_fastqc.html'
[2021-04-17 01:43:35,706] multiqc                                            [INFO   ]  Searching 'SRR6703988_frozen_510_1_val_1_fastqc.zip'
[2021-04-17 01:43:35,706] multiqc                                            [INFO   ]  Searching 'SRR6703988_frozen_510_2_fastqc'
[2021-04-17 01:43:35,707] multiqc                                            [INFO   ]  Searching 'SRR6703988_frozen_510_2_fastqc.html'
[2021-04-17 01:43:35,707] multiqc                                            [INFO   ]  Searching 'SRR6703988_frozen_510_2_fastqc.zip'
[2021-04-17 01:43:35,707] multiqc                                            [INFO   ]  Searching 'SRR6703988_frozen_510_2_val_2_fastqc.html'
[2021-04-17 01:43:35,707] multiqc                                            [INFO   ]  Searching 'SRR6703988_frozen_510_2_val_2_fastqc.zip'
[2021-04-17 01:43:35,707] multiqc                                            [INFO   ]  Searching 'SRR6703989_frozen_510f_1_fastqc'
[2021-04-17 01:43:35,708] multiqc                                            [INFO   ]  Searching 'SRR6703989_frozen_510f_1_fastqc.html'
[2021-04-17 01:43:35,708] multiqc                                            [INFO   ]  Searching 'SRR6703989_frozen_510f_1_fastqc.zip'
[2021-04-17 01:43:35,708] multiqc                                            [INFO   ]  Searching 'SRR6703989_frozen_510f_1_val_1_fastqc.html'
[2021-04-17 01:43:35,708] multiqc                                            [INFO   ]  Searching 'SRR6703989_frozen_510f_1_val_1_fastqc.zip'
[2021-04-17 01:43:35,709] multiqc                                            [INFO   ]  Searching 'SRR6703989_frozen_510f_2_fastqc'
[2021-04-17 01:43:35,709] multiqc                                            [INFO   ]  Searching 'SRR6703989_frozen_510f_2_fastqc.html'
[2021-04-17 01:43:35,709] multiqc                                            [INFO   ]  Searching 'SRR6703989_frozen_510f_2_fastqc.zip'
[2021-04-17 01:43:35,709] multiqc                                            [INFO   ]  Searching 'SRR6703989_frozen_510f_2_val_2_fastqc.html'
[2021-04-17 01:43:35,710] multiqc                                            [INFO   ]  Searching 'SRR6703989_frozen_510f_2_val_2_fastqc.zip'
[2021-04-17 01:43:35,711] multiqc                                            [DEBUG  ]  Analysing modules: custom_content, conpair, peddy, methylQA, phantompeakqualtools, qualimap, preseq, quast, qorts, rna_seqc, rsem, rseqc, busco, goleft_indexcov, disambiguate, supernova, deeptools, sargasso, verifybamid, mirtrace, happy, homer, macs2, theta2, snpeff, gatk, htseq, bcftools, featureCounts, dedup, damageprofiler, picard, prokka, samblaster, samtools, bamtools, jellyfish, vcftools, longranger, stacks, bbmap, bismark, biscuit, hicexplorer, hicup, hicpro, salmon, kallisto, slamdunk, star, hisat2, tophat, bowtie2, bowtie1, kat, leehom, adapterRemoval, clipandmerge, cutadapt, flexbar, trimmomatic, skewer, sortmerna, biobloomtools, fastq_screen, afterqc, fastp, fastqc, minionqc, clusterflow, bcl2fastq, interop, flash
[2021-04-17 01:43:35,711] multiqc                                            [DEBUG  ]  Using temporary directory for creating report: /tmp/tmpgpxe7ws2
[2021-04-17 01:43:35,808] multiqc                                            [DEBUG  ]  Ignoring file as matched an ignore pattern: fastqc_report.html
[2021-04-17 01:43:35,932] multiqc                                            [DEBUG  ]  Ignoring file as matched an ignore pattern: SRR6703982_frozen_501_1_fastqc.html
[2021-04-17 01:43:35,933] multiqc                                            [DEBUG  ]  Ignoring file as matched an ignore pattern: SRR6703982_frozen_501_1_val_1_fastqc.html
[2021-04-17 01:43:35,935] multiqc                                            [DEBUG  ]  Ignoring file as matched an ignore pattern: fastqc_report.html
[2021-04-17 01:43:36,021] multiqc                                            [DEBUG  ]  Ignoring file as matched an ignore pattern: SRR6703982_frozen_501_2_fastqc.html
[2021-04-17 01:43:36,022] multiqc                                            [DEBUG  ]  Ignoring file as matched an ignore pattern: SRR6703982_frozen_501_2_val_2_fastqc.html
[2021-04-17 01:43:36,023] multiqc                                            [DEBUG  ]  Ignoring file as matched an ignore pattern: fastqc_report.html
[2021-04-17 01:43:36,083] multiqc                                            [DEBUG  ]  Ignoring file as matched an ignore pattern: SRR6703983_frozen_501f_1_fastqc.html
[2021-04-17 01:43:36,084] multiqc                                            [DEBUG  ]  Ignoring file as matched an ignore pattern: SRR6703983_frozen_501f_1_val_1_fastqc.html
[2021-04-17 01:43:36,086] multiqc                                            [DEBUG  ]  Ignoring file as matched an ignore pattern: fastqc_report.html
[2021-04-17 01:43:36,142] multiqc                                            [DEBUG  ]  Ignoring file as matched an ignore pattern: SRR6703983_frozen_501f_2_fastqc.html
[2021-04-17 01:43:36,143] multiqc                                            [DEBUG  ]  Ignoring file as matched an ignore pattern: SRR6703983_frozen_501f_2_val_2_fastqc.html
[2021-04-17 01:43:36,144] multiqc                                            [DEBUG  ]  Ignoring file as matched an ignore pattern: fastqc_report.html
[2021-04-17 01:43:36,209] multiqc                                            [DEBUG  ]  Ignoring file as matched an ignore pattern: SRR6703984_frozen_506_1_fastqc.html
[2021-04-17 01:43:36,211] multiqc                                            [DEBUG  ]  Ignoring file as matched an ignore pattern: SRR6703984_frozen_506_1_val_1_fastqc.html
[2021-04-17 01:43:36,212] multiqc                                            [DEBUG  ]  Ignoring file as matched an ignore pattern: fastqc_report.html
[2021-04-17 01:43:36,268] multiqc                                            [DEBUG  ]  Ignoring file as matched an ignore pattern: SRR6703984_frozen_506_2_fastqc.html
[2021-04-17 01:43:36,269] multiqc                                            [DEBUG  ]  Ignoring file as matched an ignore pattern: SRR6703984_frozen_506_2_val_2_fastqc.html
[2021-04-17 01:43:36,271] multiqc                                            [DEBUG  ]  Ignoring file as matched an ignore pattern: fastqc_report.html
[2021-04-17 01:43:36,328] multiqc                                            [DEBUG  ]  Ignoring file as matched an ignore pattern: SRR6703985_frozen_506f_1_fastqc.html
[2021-04-17 01:43:36,329] multiqc                                            [DEBUG  ]  Ignoring file as matched an ignore pattern: SRR6703985_frozen_506f_1_val_1_fastqc.html
[2021-04-17 01:43:36,330] multiqc                                            [DEBUG  ]  Ignoring file as matched an ignore pattern: fastqc_report.html
[2021-04-17 01:43:36,420] multiqc                                            [DEBUG  ]  Ignoring file as matched an ignore pattern: SRR6703985_frozen_506f_2_fastqc.html
[2021-04-17 01:43:36,421] multiqc                                            [DEBUG  ]  Ignoring file as matched an ignore pattern: SRR6703985_frozen_506f_2_val_2_fastqc.html
[2021-04-17 01:43:36,423] multiqc                                            [DEBUG  ]  Ignoring file as matched an ignore pattern: fastqc_report.html
[2021-04-17 01:43:36,480] multiqc                                            [DEBUG  ]  Ignoring file as matched an ignore pattern: SRR6703986_frozen_507_1_fastqc.html
[2021-04-17 01:43:36,482] multiqc                                            [DEBUG  ]  Ignoring file as matched an ignore pattern: SRR6703986_frozen_507_1_val_1_fastqc.html
[2021-04-17 01:43:36,483] multiqc                                            [DEBUG  ]  Ignoring file as matched an ignore pattern: fastqc_report.html
[2021-04-17 01:43:36,541] multiqc                                            [DEBUG  ]  Ignoring file as matched an ignore pattern: SRR6703986_frozen_507_2_fastqc.html
[2021-04-17 01:43:36,542] multiqc                                            [DEBUG  ]  Ignoring file as matched an ignore pattern: SRR6703986_frozen_507_2_val_2_fastqc.html
[2021-04-17 01:43:36,544] multiqc                                            [DEBUG  ]  Ignoring file as matched an ignore pattern: fastqc_report.html
[2021-04-17 01:43:36,615] multiqc                                            [DEBUG  ]  Ignoring file as matched an ignore pattern: SRR6703987_frozen_507f_1_fastqc.html
[2021-04-17 01:43:36,616] multiqc                                            [DEBUG  ]  Ignoring file as matched an ignore pattern: SRR6703987_frozen_507f_1_val_1_fastqc.html
[2021-04-17 01:43:36,618] multiqc                                            [DEBUG  ]  Ignoring file as matched an ignore pattern: fastqc_report.html
[2021-04-17 01:43:36,714] multiqc                                            [DEBUG  ]  Ignoring file as matched an ignore pattern: SRR6703987_frozen_507f_2_fastqc.html
[2021-04-17 01:43:36,715] multiqc                                            [DEBUG  ]  Ignoring file as matched an ignore pattern: SRR6703987_frozen_507f_2_val_2_fastqc.html
[2021-04-17 01:43:36,717] multiqc                                            [DEBUG  ]  Ignoring file as matched an ignore pattern: fastqc_report.html
[2021-04-17 01:43:36,788] multiqc                                            [DEBUG  ]  Ignoring file as matched an ignore pattern: SRR6703988_frozen_510_1_fastqc.html
[2021-04-17 01:43:36,790] multiqc                                            [DEBUG  ]  Ignoring file as matched an ignore pattern: SRR6703988_frozen_510_1_val_1_fastqc.html
[2021-04-17 01:43:36,797] multiqc                                            [DEBUG  ]  Ignoring file as matched an ignore pattern: fastqc_report.html
[2021-04-17 01:43:36,873] multiqc                                            [DEBUG  ]  Ignoring file as matched an ignore pattern: SRR6703988_frozen_510_2_fastqc.html
[2021-04-17 01:43:36,874] multiqc                                            [DEBUG  ]  Ignoring file as matched an ignore pattern: SRR6703988_frozen_510_2_val_2_fastqc.html
[2021-04-17 01:43:36,875] multiqc                                            [DEBUG  ]  Ignoring file as matched an ignore pattern: fastqc_report.html
[2021-04-17 01:43:36,934] multiqc                                            [DEBUG  ]  Ignoring file as matched an ignore pattern: SRR6703989_frozen_510f_1_fastqc.html
[2021-04-17 01:43:36,935] multiqc                                            [DEBUG  ]  Ignoring file as matched an ignore pattern: SRR6703989_frozen_510f_1_val_1_fastqc.html
[2021-04-17 01:43:36,937] multiqc                                            [DEBUG  ]  Ignoring file as matched an ignore pattern: fastqc_report.html
[2021-04-17 01:43:37,005] multiqc                                            [DEBUG  ]  Ignoring file as matched an ignore pattern: SRR6703989_frozen_510f_2_fastqc.html
[2021-04-17 01:43:37,006] multiqc                                            [DEBUG  ]  Ignoring file as matched an ignore pattern: SRR6703989_frozen_510f_2_val_2_fastqc.html
[2021-04-17 01:43:37,305] multiqc                                            [DEBUG  ]  No samples found: custom_content
[2021-04-17 01:43:37,311] multiqc                                            [DEBUG  ]  No samples found: conpair
[2021-04-17 01:43:37,317] multiqc                                            [DEBUG  ]  No samples found: peddy
[2021-04-17 01:43:37,323] multiqc                                            [DEBUG  ]  No samples found: methylQA
[2021-04-17 01:43:37,329] multiqc                                            [DEBUG  ]  No samples found: phantompeakqualtools
[2021-04-17 01:43:37,336] multiqc                                            [DEBUG  ]  No samples found: qualimap
[2021-04-17 01:43:37,342] multiqc                                            [DEBUG  ]  No samples found: preseq
[2021-04-17 01:43:37,348] multiqc                                            [DEBUG  ]  No samples found: quast
[2021-04-17 01:43:37,354] multiqc                                            [DEBUG  ]  No samples found: qorts
[2021-04-17 01:43:37,360] multiqc                                            [DEBUG  ]  No samples found: rna_seqc
[2021-04-17 01:43:37,367] multiqc                                            [DEBUG  ]  No samples found: rsem
[2021-04-17 01:43:37,379] multiqc                                            [DEBUG  ]  No samples found: rseqc
[2021-04-17 01:43:37,385] multiqc                                            [DEBUG  ]  No samples found: busco
[2021-04-17 01:43:37,390] multiqc                                            [DEBUG  ]  No samples found: goleft_indexcov
[2021-04-17 01:43:37,395] multiqc                                            [DEBUG  ]  No samples found: disambiguate
[2021-04-17 01:43:37,400] multiqc                                            [DEBUG  ]  No samples found: supernova
[2021-04-17 01:43:37,410] multiqc                                            [DEBUG  ]  No samples found: deeptools
[2021-04-17 01:43:37,415] multiqc                                            [DEBUG  ]  No samples found: sargasso
[2021-04-17 01:43:37,421] multiqc                                            [DEBUG  ]  No samples found: verifybamid
[2021-04-17 01:43:37,426] multiqc                                            [DEBUG  ]  No samples found: mirtrace
[2021-04-17 01:43:37,431] multiqc                                            [DEBUG  ]  No samples found: happy
[2021-04-17 01:43:37,437] multiqc                                            [DEBUG  ]  No samples found: homer
[2021-04-17 01:43:37,443] multiqc                                            [DEBUG  ]  No samples found: macs2
[2021-04-17 01:43:37,448] multiqc                                            [DEBUG  ]  No samples found: theta2
[2021-04-17 01:43:37,453] multiqc                                            [DEBUG  ]  No samples found: snpeff
[2021-04-17 01:43:37,460] multiqc                                            [DEBUG  ]  No samples found: gatk
[2021-04-17 01:43:37,465] multiqc                                            [DEBUG  ]  No samples found: htseq
[2021-04-17 01:43:37,471] multiqc                                            [DEBUG  ]  No samples found: bcftools
[2021-04-17 01:43:37,476] multiqc                                            [DEBUG  ]  No samples found: featureCounts
[2021-04-17 01:43:37,481] multiqc                                            [DEBUG  ]  No samples found: dedup
[2021-04-17 01:43:37,486] multiqc                                            [DEBUG  ]  No samples found: damageprofiler
[2021-04-17 01:43:37,499] multiqc                                            [DEBUG  ]  No samples found: picard
[2021-04-17 01:43:37,504] multiqc                                            [DEBUG  ]  No samples found: prokka
[2021-04-17 01:43:37,509] multiqc                                            [DEBUG  ]  No samples found: samblaster
[2021-04-17 01:43:37,517] multiqc                                            [DEBUG  ]  No samples found: samtools
[2021-04-17 01:43:37,522] multiqc                                            [DEBUG  ]  No samples found: bamtools
[2021-04-17 01:43:37,528] multiqc                                            [DEBUG  ]  No samples found: jellyfish
[2021-04-17 01:43:37,536] multiqc                                            [DEBUG  ]  No samples found: vcftools
[2021-04-17 01:43:37,541] multiqc                                            [DEBUG  ]  No samples found: longranger
[2021-04-17 01:43:37,547] multiqc                                            [DEBUG  ]  No samples found: stacks
[2021-04-17 01:43:37,560] multiqc                                            [DEBUG  ]  No samples found: bbmap
[2021-04-17 01:43:37,566] multiqc                                            [DEBUG  ]  No samples found: bismark
[2021-04-17 01:43:37,571] multiqc                                            [DEBUG  ]  No samples found: biscuit
[2021-04-17 01:43:37,577] multiqc                                            [DEBUG  ]  No samples found: hicexplorer
[2021-04-17 01:43:37,582] multiqc                                            [DEBUG  ]  No samples found: hicup
[2021-04-17 01:43:37,588] multiqc                                            [DEBUG  ]  No samples found: hicpro
[2021-04-17 01:43:37,593] multiqc                                            [DEBUG  ]  No samples found: salmon
[2021-04-17 01:43:37,598] multiqc                                            [DEBUG  ]  No samples found: kallisto
[2021-04-17 01:43:37,604] multiqc                                            [DEBUG  ]  No samples found: slamdunk
[2021-04-17 01:43:37,609] multiqc                                            [DEBUG  ]  No samples found: star
[2021-04-17 01:43:37,614] multiqc                                            [DEBUG  ]  No samples found: hisat2
[2021-04-17 01:43:37,619] multiqc                                            [DEBUG  ]  No samples found: tophat
[2021-04-17 01:43:37,624] multiqc                                            [DEBUG  ]  No samples found: bowtie2
[2021-04-17 01:43:37,629] multiqc                                            [DEBUG  ]  No samples found: bowtie1
[2021-04-17 01:43:37,635] multiqc                                            [DEBUG  ]  No samples found: kat
[2021-04-17 01:43:37,640] multiqc                                            [DEBUG  ]  No samples found: leehom
[2021-04-17 01:43:37,645] multiqc                                            [DEBUG  ]  No samples found: adapterRemoval
[2021-04-17 01:43:37,650] multiqc                                            [DEBUG  ]  No samples found: clipandmerge
[2021-04-17 01:43:37,656] multiqc                                            [DEBUG  ]  No samples found: cutadapt
[2021-04-17 01:43:37,661] multiqc                                            [DEBUG  ]  No samples found: flexbar
[2021-04-17 01:43:37,667] multiqc                                            [DEBUG  ]  No samples found: trimmomatic
[2021-04-17 01:43:37,672] multiqc                                            [DEBUG  ]  No samples found: skewer
[2021-04-17 01:43:37,678] multiqc                                            [DEBUG  ]  No samples found: sortmerna
[2021-04-17 01:43:37,683] multiqc                                            [DEBUG  ]  No samples found: biobloomtools
[2021-04-17 01:43:37,689] multiqc                                            [DEBUG  ]  No samples found: fastq_screen
[2021-04-17 01:43:37,694] multiqc                                            [DEBUG  ]  No samples found: afterqc
[2021-04-17 01:43:37,700] multiqc                                            [DEBUG  ]  No samples found: fastp
[2021-04-17 01:43:39,081] multiqc.modules.fastqc.fastqc                      [INFO   ]  Found 48 reports
[2021-04-17 01:43:39,923] multiqc                                            [DEBUG  ]  No samples found: minionqc
[2021-04-17 01:43:39,929] multiqc                                            [DEBUG  ]  No samples found: clusterflow
[2021-04-17 01:43:39,934] multiqc                                            [DEBUG  ]  No samples found: bcl2fastq
[2021-04-17 01:43:39,940] multiqc                                            [DEBUG  ]  No samples found: interop
[2021-04-17 01:43:39,946] multiqc                                            [DEBUG  ]  No samples found: flash
[2021-04-17 01:43:40,035] multiqc                                            [INFO   ]  Compressing plot data
[2021-04-17 01:43:41,109] multiqc                                            [INFO   ]  Report      : fastqc_multiqc_frozen/multiqc_report.html
[2021-04-17 01:43:41,109] multiqc                                            [INFO   ]  Data        : fastqc_multiqc_frozen/multiqc_data
[2021-04-17 01:43:41,110] multiqc                                            [DEBUG  ]  Moving data file from '/tmp/tmpgpxe7ws2/multiqc_data/multiqc_fastqc.txt' to 'fastqc_multiqc_frozen/multiqc_data'
[2021-04-17 01:43:41,111] multiqc                                            [DEBUG  ]  Moving data file from '/tmp/tmpgpxe7ws2/multiqc_data/multiqc_general_stats.txt' to 'fastqc_multiqc_frozen/multiqc_data'
[2021-04-17 01:43:41,113] multiqc                                            [DEBUG  ]  Moving data file from '/tmp/tmpgpxe7ws2/multiqc_data/multiqc_sources.txt' to 'fastqc_multiqc_frozen/multiqc_data'
[2021-04-17 01:43:41,114] multiqc                                            [DEBUG  ]  Moving data file from '/tmp/tmpgpxe7ws2/multiqc_data/multiqc_data.json' to 'fastqc_multiqc_frozen/multiqc_data'
[2021-04-17 01:43:41,313] multiqc                                            [INFO   ]  MultiQC complete
